mode: set
kafka-golang-demo/cli/consumer/main.go:16.13,18.19 2 0
kafka-golang-demo/cli/consumer/main.go:18.19,20.3 1 0
kafka-golang-demo/cli/consumer/main.go:22.2,23.17 2 0
kafka-golang-demo/cli/consumer/main.go:23.17,25.3 1 0
kafka-golang-demo/cli/consumer/main.go:27.2,28.19 2 0
kafka-golang-demo/cli/consumer/main.go:28.19,30.3 1 0
kafka-golang-demo/cli/consumer/main.go:32.2,33.23 2 0
kafka-golang-demo/cli/consumer/main.go:33.23,35.3 1 0
kafka-golang-demo/cli/consumer/main.go:38.2,39.12 2 0
kafka-golang-demo/cli/consumer/main.go:39.12,40.47 1 0
kafka-golang-demo/cli/consumer/main.go:40.47,42.4 1 0
kafka-golang-demo/cli/consumer/main.go:46.2,47.16 2 0
kafka-golang-demo/cli/consumer/main.go:47.16,48.13 1 0
kafka-golang-demo/cli/consumer/main.go:50.2,57.12 5 0
kafka-golang-demo/cli/consumer/main.go:57.12,61.3 3 0
kafka-golang-demo/cli/consumer/main.go:63.2,71.56 5 0
kafka-golang-demo/cli/consumer/main.go:71.56,73.3 1 0
kafka-golang-demo/cli/producer/main.go:15.13,17.19 2 0
kafka-golang-demo/cli/producer/main.go:17.19,19.3 1 0
kafka-golang-demo/cli/producer/main.go:21.2,22.17 2 0
kafka-golang-demo/cli/producer/main.go:22.17,24.3 1 0
kafka-golang-demo/cli/producer/main.go:26.2,27.23 2 0
kafka-golang-demo/cli/producer/main.go:27.23,29.3 1 0
kafka-golang-demo/cli/producer/main.go:32.2,33.12 2 0
kafka-golang-demo/cli/producer/main.go:33.12,34.47 1 0
kafka-golang-demo/cli/producer/main.go:34.47,36.4 1 0
kafka-golang-demo/cli/producer/main.go:40.2,46.12 5 0
kafka-golang-demo/cli/producer/main.go:46.12,50.3 3 0
kafka-golang-demo/cli/producer/main.go:53.2,54.16 2 0
kafka-golang-demo/cli/producer/main.go:54.16,55.13 1 0
kafka-golang-demo/cli/producer/main.go:57.2,60.26 2 0
kafka-golang-demo/cli/producer/main.go:60.26,61.10 1 0
kafka-golang-demo/cli/producer/main.go:62.21,63.9 1 0
kafka-golang-demo/cli/producer/main.go:64.11,68.31 4 0
kafka-golang-demo/cli/producer/main.go:72.2,81.56 5 0
kafka-golang-demo/cli/producer/main.go:81.56,83.3 1 0
kafka-golang-demo/internal/logging/simple.go:14.13,18.2 1 0
kafka-golang-demo/internal/metrics/kafka_metrics.go:39.38,40.17 1 1
kafka-golang-demo/internal/metrics/kafka_metrics.go:40.17,100.3 1 1
kafka-golang-demo/internal/metrics/kafka_metrics.go:101.2,101.21 1 1
kafka-golang-demo/internal/metrics/kafka_metrics.go:160.53,162.66 2 1
kafka-golang-demo/internal/metrics/kafka_metrics.go:162.66,164.3 1 1
kafka-golang-demo/internal/metrics/kafka_metrics.go:166.2,169.50 2 1
kafka-golang-demo/internal/metrics/kafka_metrics.go:169.50,170.66 1 1
kafka-golang-demo/internal/metrics/kafka_metrics.go:170.66,172.32 1 1
kafka-golang-demo/internal/metrics/kafka_metrics.go:172.32,175.5 2 1
kafka-golang-demo/internal/metrics/kafka_metrics.go:178.4,178.32 1 1
kafka-golang-demo/internal/metrics/kafka_metrics.go:178.32,181.39 2 1
kafka-golang-demo/internal/metrics/kafka_metrics.go:181.39,183.11 2 1
kafka-golang-demo/internal/metrics/kafka_metrics.go:186.5,190.40 3 1
kafka-golang-demo/internal/metrics/kafka_metrics.go:190.40,192.6 1 1
kafka-golang-demo/internal/metrics/kafka_metrics.go:198.2,198.53 1 1
kafka-golang-demo/internal/metrics/kafka_metrics.go:198.53,200.30 1 1
kafka-golang-demo/internal/metrics/kafka_metrics.go:200.30,204.32 3 1
kafka-golang-demo/internal/metrics/kafka_metrics.go:204.32,206.5 1 1
kafka-golang-demo/internal/metrics/kafka_metrics.go:206.10,206.39 1 1
kafka-golang-demo/internal/metrics/kafka_metrics.go:206.39,208.5 1 1
kafka-golang-demo/internal/metrics/kafka_metrics.go:209.4,209.89 1 1
kafka-golang-demo/internal/metrics/kafka_metrics.go:214.2,214.21 1 1
kafka-golang-demo/internal/metrics/kafka_metrics.go:214.21,216.3 1 1
kafka-golang-demo/internal/metrics/kafka_metrics.go:217.2,217.21 1 1
kafka-golang-demo/internal/metrics/kafka_metrics.go:217.21,219.3 1 1
kafka-golang-demo/internal/metrics/kafka_metrics.go:221.2,221.12 1 1
kafka-golang-demo/internal/metrics/server.go:20.37,27.73 3 1
kafka-golang-demo/internal/metrics/server.go:27.73,30.3 2 1
kafka-golang-demo/internal/metrics/server.go:32.2,43.3 2 1
kafka-golang-demo/internal/metrics/server.go:47.32,50.81 2 1
kafka-golang-demo/internal/metrics/server.go:50.81,52.3 1 0
kafka-golang-demo/internal/metrics/server.go:53.2,53.12 1 1
kafka-golang-demo/internal/metrics/server.go:57.50,60.2 2 1
kafka-golang-demo/internal/metrics/server.go:63.35,65.2 1 1
kafka-golang-demo/internal/kafka/consumer.go:31.69,38.16 2 1
kafka-golang-demo/internal/kafka/consumer.go:38.16,40.3 1 1
kafka-golang-demo/internal/kafka/consumer.go:42.2,43.16 2 1
kafka-golang-demo/internal/kafka/consumer.go:43.16,45.3 1 0
kafka-golang-demo/internal/kafka/consumer.go:48.2,48.12 1 1
kafka-golang-demo/internal/kafka/consumer.go:48.12,49.29 1 1
kafka-golang-demo/internal/kafka/consumer.go:49.29,50.46 1 1
kafka-golang-demo/internal/kafka/consumer.go:50.46,52.79 1 1
kafka-golang-demo/internal/kafka/consumer.go:52.79,54.6 1 1
kafka-golang-demo/internal/kafka/consumer.go:59.2,59.43 1 1
kafka-golang-demo/internal/kafka/consumer.go:67.46,69.2 1 1
kafka-golang-demo/internal/kafka/consumer.go:81.86,83.6 1 1
kafka-golang-demo/internal/kafka/consumer.go:83.6,84.10 1 1
kafka-golang-demo/internal/kafka/consumer.go:85.21,86.14 1 1
kafka-golang-demo/internal/kafka/consumer.go:87.11,89.18 2 1
kafka-golang-demo/internal/kafka/consumer.go:89.18,90.70 1 1
kafka-golang-demo/internal/kafka/consumer.go:90.70,91.14 1 1
kafka-golang-demo/internal/kafka/consumer.go:93.5,94.13 2 1
kafka-golang-demo/internal/kafka/consumer.go:96.4,101.20 2 0
kafka-golang-demo/internal/kafka/consumer.go:101.20,103.5 1 0
kafka-golang-demo/internal/kafka/consumer.go:110.29,112.16 2 1
kafka-golang-demo/internal/kafka/consumer.go:112.16,114.3 1 1
kafka-golang-demo/internal/kafka/interfaces.go:50.106,52.2 1 0
kafka-golang-demo/internal/kafka/interfaces.go:60.106,62.2 1 1
kafka-golang-demo/internal/kafka/mocks.go:20.38,25.2 1 1
kafka-golang-demo/internal/kafka/mocks.go:27.89,31.14 3 1
kafka-golang-demo/internal/kafka/mocks.go:31.14,33.3 1 1
kafka-golang-demo/internal/kafka/mocks.go:35.2,35.19 1 1
kafka-golang-demo/internal/kafka/mocks.go:35.19,37.3 1 1
kafka-golang-demo/internal/kafka/mocks.go:40.2,43.12 2 1
kafka-golang-demo/internal/kafka/mocks.go:43.12,49.20 2 1
kafka-golang-demo/internal/kafka/mocks.go:49.20,51.4 1 0
kafka-golang-demo/internal/kafka/mocks.go:54.3,57.16 3 1
kafka-golang-demo/internal/kafka/mocks.go:57.16,58.11 1 1
kafka-golang-demo/internal/kafka/mocks.go:59.33,59.33 0 1
kafka-golang-demo/internal/kafka/mocks.go:60.12,60.12 0 0
kafka-golang-demo/internal/kafka/mocks.go:65.2,65.12 1 1
kafka-golang-demo/internal/kafka/mocks.go:68.50,70.2 1 1
kafka-golang-demo/internal/kafka/mocks.go:72.49,76.2 3 1
kafka-golang-demo/internal/kafka/mocks.go:78.32,82.15 3 1
kafka-golang-demo/internal/kafka/mocks.go:82.15,85.3 2 1
kafka-golang-demo/internal/kafka/mocks.go:88.72,93.2 4 1
kafka-golang-demo/internal/kafka/mocks.go:95.55,101.2 5 1
kafka-golang-demo/internal/kafka/mocks.go:103.40,107.2 3 1
kafka-golang-demo/internal/kafka/mocks.go:120.38,126.2 1 1
kafka-golang-demo/internal/kafka/mocks.go:128.94,132.14 3 1
kafka-golang-demo/internal/kafka/mocks.go:132.14,134.3 1 0
kafka-golang-demo/internal/kafka/mocks.go:136.2,136.19 1 1
kafka-golang-demo/internal/kafka/mocks.go:136.19,138.3 1 0
kafka-golang-demo/internal/kafka/mocks.go:140.2,142.12 3 1
kafka-golang-demo/internal/kafka/mocks.go:145.83,147.14 2 1
kafka-golang-demo/internal/kafka/mocks.go:147.14,150.3 2 0
kafka-golang-demo/internal/kafka/mocks.go:152.2,152.19 1 1
kafka-golang-demo/internal/kafka/mocks.go:152.19,155.3 2 0
kafka-golang-demo/internal/kafka/mocks.go:156.2,158.9 2 1
kafka-golang-demo/internal/kafka/mocks.go:159.27,160.18 1 0
kafka-golang-demo/internal/kafka/mocks.go:161.29,163.68 1 1
kafka-golang-demo/internal/kafka/mocks.go:167.50,169.2 1 1
kafka-golang-demo/internal/kafka/mocks.go:171.38,175.15 3 1
kafka-golang-demo/internal/kafka/mocks.go:175.15,179.3 3 1
kafka-golang-demo/internal/kafka/mocks.go:180.2,180.12 1 1
kafka-golang-demo/internal/kafka/mocks.go:183.72,188.2 4 0
kafka-golang-demo/internal/kafka/mocks.go:190.101,194.14 3 0
kafka-golang-demo/internal/kafka/mocks.go:194.14,196.3 1 0
kafka-golang-demo/internal/kafka/mocks.go:198.2,207.9 2 0
kafka-golang-demo/internal/kafka/mocks.go:208.25,208.25 0 0
kafka-golang-demo/internal/kafka/mocks.go:209.10,209.10 0 0
kafka-golang-demo/internal/kafka/mocks.go:214.45,220.2 5 1
kafka-golang-demo/internal/kafka/mocks.go:222.40,226.2 3 0
kafka-golang-demo/internal/kafka/mocks.go:236.52,240.2 1 1
kafka-golang-demo/internal/kafka/mocks.go:242.103,246.19 3 1
kafka-golang-demo/internal/kafka/mocks.go:246.19,248.3 1 1
kafka-golang-demo/internal/kafka/mocks.go:250.2,252.22 3 1
kafka-golang-demo/internal/kafka/mocks.go:255.79,260.2 4 1
kafka-golang-demo/internal/kafka/mocks.go:262.62,268.2 5 1
kafka-golang-demo/internal/kafka/mocks.go:278.52,282.2 1 1
kafka-golang-demo/internal/kafka/mocks.go:284.103,288.19 3 1
kafka-golang-demo/internal/kafka/mocks.go:288.19,290.3 1 1
kafka-golang-demo/internal/kafka/mocks.go:292.2,294.22 3 1
kafka-golang-demo/internal/kafka/mocks.go:297.79,302.2 4 1
kafka-golang-demo/internal/kafka/mocks.go:304.62,310.2 5 1
kafka-golang-demo/internal/kafka/producer.go:27.60,32.16 2 1
kafka-golang-demo/internal/kafka/producer.go:32.16,34.3 1 1
kafka-golang-demo/internal/kafka/producer.go:37.2,37.12 1 1
kafka-golang-demo/internal/kafka/producer.go:37.12,38.29 1 1
kafka-golang-demo/internal/kafka/producer.go:38.29,39.26 1 1
kafka-golang-demo/internal/kafka/producer.go:40.24,41.39 1 1
kafka-golang-demo/internal/kafka/producer.go:41.39,43.6 1 1
kafka-golang-demo/internal/kafka/producer.go:43.11,45.6 1 1
kafka-golang-demo/internal/kafka/producer.go:46.22,48.71 1 1
kafka-golang-demo/internal/kafka/producer.go:48.71,50.6 1 1
kafka-golang-demo/internal/kafka/producer.go:55.2,55.43 1 1
kafka-golang-demo/internal/kafka/producer.go:66.48,71.2 1 1
kafka-golang-demo/internal/kafka/producer.go:76.29,79.2 2 1
kafka-golang-demo/test_simple_logging.go:9.13,25.2 4 0
